2024-04-24 09:46:16.530  INFO 6152 --- [restartedMain] com.example.jpatest.JpatestApplication   : Starting JpatestApplication using Java 11.0.21 on DESKTOP-0OQB2BM with PID 6152 (C:\Users\dw-021\Downloads\jpatest\build\classes\java\main started by dw-021 in C:\Users\dw-021\Downloads\jpatest)
2024-04-24 09:46:16.537  INFO 6152 --- [restartedMain] com.example.jpatest.JpatestApplication   : No active profile set, falling back to 1 default profile: "default"
2024-04-24 09:46:16.767  INFO 6152 --- [restartedMain] .e.DevToolsPropertyDefaultsPostProcessor : Devtools property defaults active! Set 'spring.devtools.add-properties' to 'false' to disable
2024-04-24 09:46:16.767  INFO 6152 --- [restartedMain] .e.DevToolsPropertyDefaultsPostProcessor : For additional web related logging consider setting the 'logging.level.web' property to 'DEBUG'
2024-04-24 09:46:17.449  INFO 6152 --- [restartedMain] .s.d.r.c.RepositoryConfigurationDelegate : Bootstrapping Spring Data JPA repositories in DEFAULT mode.
2024-04-24 09:46:17.531  INFO 6152 --- [restartedMain] .s.d.r.c.RepositoryConfigurationDelegate : Finished Spring Data repository scanning in 73 ms. Found 7 JPA repository interfaces.
2024-04-24 09:46:18.223  INFO 6152 --- [restartedMain] o.s.b.w.embedded.tomcat.TomcatWebServer  : Tomcat initialized with port(s): 8080 (http)
2024-04-24 09:46:18.233  INFO 6152 --- [restartedMain] o.apache.catalina.core.StandardService   : Starting service [Tomcat]
2024-04-24 09:46:18.233  INFO 6152 --- [restartedMain] org.apache.catalina.core.StandardEngine  : Starting Servlet engine: [Apache Tomcat/9.0.65]
2024-04-24 09:46:18.338  INFO 6152 --- [restartedMain] o.a.c.c.C.[Tomcat].[localhost].[/]       : Initializing Spring embedded WebApplicationContext
2024-04-24 09:46:18.338  INFO 6152 --- [restartedMain] w.s.c.ServletWebServerApplicationContext : Root WebApplicationContext: initialization completed in 1570 ms
2024-04-24 09:46:18.476  INFO 6152 --- [restartedMain] o.hibernate.jpa.internal.util.LogHelper  : HHH000204: Processing PersistenceUnitInfo [name: default]
2024-04-24 09:46:18.527  INFO 6152 --- [restartedMain] org.hibernate.Version                    : HHH000412: Hibernate ORM core version 5.6.11.Final
2024-04-24 09:46:18.679  INFO 6152 --- [restartedMain] o.hibernate.annotations.common.Version   : HCANN000001: Hibernate Commons Annotations {5.1.2.Final}
2024-04-24 09:46:18.784  INFO 6152 --- [restartedMain] com.zaxxer.hikari.HikariDataSource       : HikariPool-1 - Starting...
2024-04-24 09:46:19.019  INFO 6152 --- [restartedMain] com.zaxxer.hikari.HikariDataSource       : HikariPool-1 - Start completed.
2024-04-24 09:46:19.033  INFO 6152 --- [restartedMain] org.hibernate.dialect.Dialect            : HHH000400: Using dialect: org.hibernate.dialect.MySQL8Dialect
2024-04-24 09:46:22.047  INFO 6152 --- [restartedMain] o.h.e.t.j.p.i.JtaPlatformInitiator       : HHH000490: Using JtaPlatform implementation: [org.hibernate.engine.transaction.jta.platform.internal.NoJtaPlatform]
2024-04-24 09:46:22.079  INFO 6152 --- [restartedMain] j.LocalContainerEntityManagerFactoryBean : Initialized JPA EntityManagerFactory for persistence unit 'default'
2024-04-24 09:46:22.757  WARN 6152 --- [restartedMain] JpaBaseConfiguration$JpaWebConfiguration : spring.jpa.open-in-view is enabled by default. Therefore, database queries may be performed during view rendering. Explicitly configure spring.jpa.open-in-view to disable this warning
2024-04-24 09:46:22.959  INFO 6152 --- [restartedMain] o.s.s.web.DefaultSecurityFilterChain     : Will secure any request with [org.springframework.security.web.session.DisableEncodeUrlFilter@a495c08, org.springframework.security.web.context.request.async.WebAsyncManagerIntegrationFilter@3be9d415, org.springframework.security.web.context.SecurityContextPersistenceFilter@40714e27, org.springframework.security.web.header.HeaderWriterFilter@580ed292, org.springframework.security.web.csrf.CsrfFilter@2b0b3627, org.springframework.security.web.authentication.logout.LogoutFilter@6483506c, org.springframework.security.web.authentication.UsernamePasswordAuthenticationFilter@60506fd3, org.springframework.security.web.savedrequest.RequestCacheAwareFilter@581fcff4, org.springframework.security.web.servletapi.SecurityContextHolderAwareRequestFilter@6c347024, org.springframework.security.web.authentication.AnonymousAuthenticationFilter@2d9393de, org.springframework.security.web.session.SessionManagementFilter@7b9be3a2, org.springframework.security.web.access.ExceptionTranslationFilter@d572995, org.springframework.security.web.access.intercept.FilterSecurityInterceptor@47125f91]
2024-04-24 09:46:23.294  INFO 6152 --- [restartedMain] o.s.b.d.a.OptionalLiveReloadServer       : LiveReload server is running on port 35729
2024-04-24 09:46:23.321  INFO 6152 --- [restartedMain] o.s.b.w.embedded.tomcat.TomcatWebServer  : Tomcat started on port(s): 8080 (http) with context path ''
2024-04-24 09:46:23.330  INFO 6152 --- [restartedMain] com.example.jpatest.JpatestApplication   : Started JpatestApplication in 7.194 seconds (JVM running for 7.725)
2024-04-24 09:46:34.219  INFO 6152 --- [http-nio-8080-exec-1] o.a.c.c.C.[Tomcat].[localhost].[/]       : Initializing Spring DispatcherServlet 'dispatcherServlet'
2024-04-24 09:46:34.220  INFO 6152 --- [http-nio-8080-exec-1] o.s.web.servlet.DispatcherServlet        : Initializing Servlet 'dispatcherServlet'
2024-04-24 09:46:34.221  INFO 6152 --- [http-nio-8080-exec-1] o.s.web.servlet.DispatcherServlet        : Completed initialization in 1 ms
2024-04-24 09:46:35.028  WARN 6152 --- [http-nio-8080-exec-1] n.n.u.t.l.fragments.FragmentProcessor    : You don't need to put the layout:fragment/data-layout-fragment attribute into the <head> section - the decoration process will automatically copy the <head> section of your content templates into your layout page.
2024-04-24 09:46:47.643  INFO 6152 --- [http-nio-8080-exec-5] c.e.jpatest.control.SchedulerController  : Received schedulerDto: 4岿 25老
2024-04-24 09:47:05.134  INFO 6152 --- [http-nio-8080-exec-5] c.e.jpatest.control.SchedulerController  : Received schedulerDto: 4岿 25老
2024-04-24 09:47:34.481  INFO 6152 --- [http-nio-8080-exec-10] c.e.jpatest.control.SchedulerController  : Received schedulerDto: 4岿 25老
2024-04-24 09:47:55.171  INFO 6152 --- [http-nio-8080-exec-5] c.e.jpatest.control.SchedulerController  : Received schedulerDto: 4岿 25老
