13-May-2024 11:01:34.483 INFO [main] org.apache.catalina.startup.VersionLoggerListener.log 서버 버전 이름:    Apache Tomcat/9.0.89
13-May-2024 11:01:34.486 INFO [main] org.apache.catalina.startup.VersionLoggerListener.log Server 빌드 시각:  May 3 2024 20:22:11 UTC
13-May-2024 11:01:34.486 INFO [main] org.apache.catalina.startup.VersionLoggerListener.log Server 버전 번호:  9.0.89.0
13-May-2024 11:01:34.486 INFO [main] org.apache.catalina.startup.VersionLoggerListener.log 운영체제 이름:     Windows 10
13-May-2024 11:01:34.486 INFO [main] org.apache.catalina.startup.VersionLoggerListener.log 운영체제 버전:     10.0
13-May-2024 11:01:34.486 INFO [main] org.apache.catalina.startup.VersionLoggerListener.log 아키텍처:          amd64
13-May-2024 11:01:34.486 INFO [main] org.apache.catalina.startup.VersionLoggerListener.log 자바 홈:           C:\Program Files\Java\jdk-11
13-May-2024 11:01:34.486 INFO [main] org.apache.catalina.startup.VersionLoggerListener.log JVM 버전:          11.0.23+7-LTS-222
13-May-2024 11:01:34.486 INFO [main] org.apache.catalina.startup.VersionLoggerListener.log JVM 벤더:          Oracle Corporation
13-May-2024 11:01:34.486 INFO [main] org.apache.catalina.startup.VersionLoggerListener.log CATALINA_BASE:     C:\Users\dw-016\Desktop\intellij-master\intellij-master
13-May-2024 11:01:34.487 INFO [main] org.apache.catalina.startup.VersionLoggerListener.log CATALINA_HOME:     C:\Users\dw-016\Downloads\apache-tomcat-9.0.89-windows-x64\apache-tomcat-9.0.89
13-May-2024 11:01:34.496 INFO [main] org.apache.catalina.startup.VersionLoggerListener.log 명령 행 아규먼트:  --add-opens=java.base/java.lang=ALL-UNNAMED
13-May-2024 11:01:34.496 INFO [main] org.apache.catalina.startup.VersionLoggerListener.log 명령 행 아규먼트:  --add-opens=java.base/java.io=ALL-UNNAMED
13-May-2024 11:01:34.496 INFO [main] org.apache.catalina.startup.VersionLoggerListener.log 명령 행 아규먼트:  --add-opens=java.base/java.util=ALL-UNNAMED
13-May-2024 11:01:34.497 INFO [main] org.apache.catalina.startup.VersionLoggerListener.log 명령 행 아규먼트:  --add-opens=java.base/java.util.concurrent=ALL-UNNAMED
13-May-2024 11:01:34.497 INFO [main] org.apache.catalina.startup.VersionLoggerListener.log 명령 행 아규먼트:  --add-opens=java.rmi/sun.rmi.transport=ALL-UNNAMED
13-May-2024 11:01:34.497 INFO [main] org.apache.catalina.startup.VersionLoggerListener.log 명령 행 아규먼트:  -Dcatalina.home=C:\Users\dw-016\Downloads\apache-tomcat-9.0.89-windows-x64\apache-tomcat-9.0.89
13-May-2024 11:01:34.497 INFO [main] org.apache.catalina.startup.VersionLoggerListener.log 명령 행 아규먼트:  -Dcatalina.base=C:\Users\dw-016\Desktop\intellij-master\intellij-master
13-May-2024 11:01:34.497 INFO [main] org.apache.catalina.startup.VersionLoggerListener.log 명령 행 아규먼트:  -Djava.io.tmpdir=C:\Users\dw-016\Desktop\intellij-master\intellij-master\temp
13-May-2024 11:01:34.497 INFO [main] org.apache.catalina.startup.VersionLoggerListener.log 명령 행 아규먼트:  -Djava.util.logging.config.file=C:\Users\dw-016\Desktop\intellij-master\intellij-master\conf\logging.properties
13-May-2024 11:01:34.497 INFO [main] org.apache.catalina.startup.VersionLoggerListener.log 명령 행 아규먼트:  -Djava.util.logging.manager=org.apache.juli.ClassLoaderLogManager
13-May-2024 11:01:34.497 INFO [main] org.apache.catalina.startup.VersionLoggerListener.log 명령 행 아규먼트:  -javaagent:C:\Program Files\JetBrains\IntelliJ IDEA Community Edition 2024.1.1\lib\idea_rt.jar=55523:C:\Program Files\JetBrains\IntelliJ IDEA Community Edition 2024.1.1\bin
13-May-2024 11:01:34.498 INFO [main] org.apache.catalina.startup.VersionLoggerListener.log 명령 행 아규먼트:  -Dfile.encoding=UTF-8
13-May-2024 11:01:34.501 INFO [main] org.apache.catalina.core.AprLifecycleListener.lifecycleEvent APR 버전 [1.7.4]을(를) 사용한, APR 기반 Apache Tomcat Native 라이브러리 [1.3.0]을(를) 로드했습니다.
13-May-2024 11:01:34.501 INFO [main] org.apache.catalina.core.AprLifecycleListener.lifecycleEvent APR 용량정보들: IPv6 [true], sendfile [true], accept filters [false], random [true], UDS [true].
13-May-2024 11:01:34.501 INFO [main] org.apache.catalina.core.AprLifecycleListener.lifecycleEvent APR/OpenSSL 설정: useAprConnector [false], useOpenSSL [true]
13-May-2024 11:01:34.508 INFO [main] org.apache.catalina.core.AprLifecycleListener.initializeSSL OpenSSL이 성공적으로 초기화되었습니다: [OpenSSL 3.0.13 30 Jan 2024]
13-May-2024 11:01:34.809 INFO [main] org.apache.coyote.AbstractProtocol.init 프로토콜 핸들러 ["http-nio-8080"]을(를) 초기화합니다.
13-May-2024 11:01:34.820 SEVERE [main] org.apache.catalina.util.LifecycleBase.handleSubClassException 구성요소 [Connector["http-nio-8080"]]을(를) 초기화하지 못했습니다.
	org.apache.catalina.LifecycleException: 프로토콜 핸들러 초기화가 실패했습니다.
		at org.apache.catalina.connector.Connector.initInternal(Connector.java:1012)
		at org.apache.catalina.util.LifecycleBase.init(LifecycleBase.java:127)
		at org.apache.catalina.core.StandardService.initInternal(StandardService.java:525)
		at org.apache.catalina.util.LifecycleBase.init(LifecycleBase.java:127)
		at org.apache.catalina.core.StandardServer.initInternal(StandardServer.java:990)
		at org.apache.catalina.util.LifecycleBase.init(LifecycleBase.java:127)
		at org.apache.catalina.startup.Catalina.load(Catalina.java:686)
		at org.apache.catalina.startup.Catalina.load(Catalina.java:709)
		at java.base/jdk.internal.reflect.NativeMethodAccessorImpl.invoke0(Native Method)
		at java.base/jdk.internal.reflect.NativeMethodAccessorImpl.invoke(NativeMethodAccessorImpl.java:62)
		at java.base/jdk.internal.reflect.DelegatingMethodAccessorImpl.invoke(DelegatingMethodAccessorImpl.java:43)
		at java.base/java.lang.reflect.Method.invoke(Method.java:566)
		at org.apache.catalina.startup.Bootstrap.load(Bootstrap.java:302)
		at org.apache.catalina.startup.Bootstrap.main(Bootstrap.java:472)
	Caused by: java.net.BindException: Address already in use: bind
		at java.base/sun.nio.ch.Net.bind0(Native Method)
		at java.base/sun.nio.ch.Net.bind(Net.java:459)
		at java.base/sun.nio.ch.Net.bind(Net.java:448)
		at java.base/sun.nio.ch.ServerSocketChannelImpl.bind(ServerSocketChannelImpl.java:227)
		at org.apache.tomcat.util.net.NioEndpoint.initServerSocket(NioEndpoint.java:268)
		at org.apache.tomcat.util.net.NioEndpoint.bind(NioEndpoint.java:223)
		at org.apache.tomcat.util.net.AbstractEndpoint.bindWithCleanup(AbstractEndpoint.java:1355)
		at org.apache.tomcat.util.net.AbstractEndpoint.init(AbstractEndpoint.java:1368)
		at org.apache.coyote.AbstractProtocol.init(AbstractProtocol.java:654)
		at org.apache.coyote.http11.AbstractHttp11Protocol.init(AbstractHttp11Protocol.java:75)
		at org.apache.catalina.connector.Connector.initInternal(Connector.java:1010)
		... 13 more
13-May-2024 11:01:34.821 INFO [main] org.apache.catalina.startup.Catalina.load [640] 밀리초 내에 서버가 초기화되었습니다.
13-May-2024 11:01:34.877 INFO [main] org.apache.catalina.core.StandardService.startInternal 서비스 [Catalina]을(를) 시작합니다.
13-May-2024 11:01:34.878 INFO [main] org.apache.catalina.core.StandardEngine.startInternal 서버 엔진을 시작합니다: [Apache Tomcat/9.0.89]
13-May-2024 11:01:34.886 INFO [main] org.apache.catalina.startup.HostConfig.deployDescriptor 배치 descriptor [C:\Users\dw-016\Desktop\intellij-master\intellij-master\conf\Catalina\localhost\ROOT.xml]을(를) 배치합니다.
13-May-2024 11:01:35.460 INFO [main] org.apache.catalina.startup.HostConfig.deployDescriptor 배치 descriptor [C:\Users\dw-016\Desktop\intellij-master\intellij-master\conf\Catalina\localhost\ROOT.xml]의 배치가 [573] 밀리초 내에 완료되었습니다.
13-May-2024 11:01:35.466 INFO [main] org.apache.catalina.startup.Catalina.start 서버가 [644] 밀리초 내에 시작되었습니다.
13-May-2024 11:02:16.536 INFO [Thread-1] org.apache.coyote.AbstractProtocol.pause 프로토콜 핸들러 ["http-nio-8080"]을(를) 일시 정지 중
13-May-2024 11:02:16.537 INFO [Thread-1] org.apache.catalina.core.StandardService.stopInternal 서비스 [Catalina]을(를) 중지시킵니다.
13-May-2024 11:02:16.550 INFO [Thread-1] org.apache.coyote.AbstractProtocol.stop 프로토콜 핸들러 ["http-nio-8080"]을(를) 중지시킵니다.
13-May-2024 11:02:16.551 INFO [Thread-1] org.apache.coyote.AbstractProtocol.destroy 프로토콜 핸들러 ["http-nio-8080"]을(를) 소멸시킵니다.
13-May-2024 11:02:56.150 INFO [main] org.apache.catalina.startup.VersionLoggerListener.log 서버 버전 이름:    Apache Tomcat/9.0.89
13-May-2024 11:02:56.153 INFO [main] org.apache.catalina.startup.VersionLoggerListener.log Server 빌드 시각:  May 3 2024 20:22:11 UTC
13-May-2024 11:02:56.153 INFO [main] org.apache.catalina.startup.VersionLoggerListener.log Server 버전 번호:  9.0.89.0
13-May-2024 11:02:56.153 INFO [main] org.apache.catalina.startup.VersionLoggerListener.log 운영체제 이름:     Windows 10
13-May-2024 11:02:56.154 INFO [main] org.apache.catalina.startup.VersionLoggerListener.log 운영체제 버전:     10.0
13-May-2024 11:02:56.154 INFO [main] org.apache.catalina.startup.VersionLoggerListener.log 아키텍처:          amd64
13-May-2024 11:02:56.154 INFO [main] org.apache.catalina.startup.VersionLoggerListener.log 자바 홈:           C:\Program Files\Java\jdk-11
13-May-2024 11:02:56.154 INFO [main] org.apache.catalina.startup.VersionLoggerListener.log JVM 버전:          11.0.23+7-LTS-222
13-May-2024 11:02:56.154 INFO [main] org.apache.catalina.startup.VersionLoggerListener.log JVM 벤더:          Oracle Corporation
13-May-2024 11:02:56.154 INFO [main] org.apache.catalina.startup.VersionLoggerListener.log CATALINA_BASE:     C:\Users\dw-016\Desktop\intellij-master\intellij-master
13-May-2024 11:02:56.155 INFO [main] org.apache.catalina.startup.VersionLoggerListener.log CATALINA_HOME:     C:\Users\dw-016\Downloads\apache-tomcat-9.0.89-windows-x64\apache-tomcat-9.0.89
13-May-2024 11:02:56.166 INFO [main] org.apache.catalina.startup.VersionLoggerListener.log 명령 행 아규먼트:  --add-opens=java.base/java.lang=ALL-UNNAMED
13-May-2024 11:02:56.166 INFO [main] org.apache.catalina.startup.VersionLoggerListener.log 명령 행 아규먼트:  --add-opens=java.base/java.io=ALL-UNNAMED
13-May-2024 11:02:56.166 INFO [main] org.apache.catalina.startup.VersionLoggerListener.log 명령 행 아규먼트:  --add-opens=java.base/java.util=ALL-UNNAMED
13-May-2024 11:02:56.166 INFO [main] org.apache.catalina.startup.VersionLoggerListener.log 명령 행 아규먼트:  --add-opens=java.base/java.util.concurrent=ALL-UNNAMED
13-May-2024 11:02:56.166 INFO [main] org.apache.catalina.startup.VersionLoggerListener.log 명령 행 아규먼트:  --add-opens=java.rmi/sun.rmi.transport=ALL-UNNAMED
13-May-2024 11:02:56.166 INFO [main] org.apache.catalina.startup.VersionLoggerListener.log 명령 행 아규먼트:  -Dcatalina.home=C:\Users\dw-016\Downloads\apache-tomcat-9.0.89-windows-x64\apache-tomcat-9.0.89
13-May-2024 11:02:56.166 INFO [main] org.apache.catalina.startup.VersionLoggerListener.log 명령 행 아규먼트:  -Dcatalina.base=C:\Users\dw-016\Desktop\intellij-master\intellij-master
13-May-2024 11:02:56.167 INFO [main] org.apache.catalina.startup.VersionLoggerListener.log 명령 행 아규먼트:  -Djava.io.tmpdir=C:\Users\dw-016\Desktop\intellij-master\intellij-master\temp
13-May-2024 11:02:56.167 INFO [main] org.apache.catalina.startup.VersionLoggerListener.log 명령 행 아규먼트:  -Djava.util.logging.config.file=C:\Users\dw-016\Desktop\intellij-master\intellij-master\conf\logging.properties
13-May-2024 11:02:56.167 INFO [main] org.apache.catalina.startup.VersionLoggerListener.log 명령 행 아규먼트:  -Djava.util.logging.manager=org.apache.juli.ClassLoaderLogManager
13-May-2024 11:02:56.167 INFO [main] org.apache.catalina.startup.VersionLoggerListener.log 명령 행 아규먼트:  -javaagent:C:\Program Files\JetBrains\IntelliJ IDEA Community Edition 2024.1.1\lib\idea_rt.jar=56054:C:\Program Files\JetBrains\IntelliJ IDEA Community Edition 2024.1.1\bin
13-May-2024 11:02:56.167 INFO [main] org.apache.catalina.startup.VersionLoggerListener.log 명령 행 아규먼트:  -Dfile.encoding=UTF-8
13-May-2024 11:02:56.170 INFO [main] org.apache.catalina.core.AprLifecycleListener.lifecycleEvent APR 버전 [1.7.4]을(를) 사용한, APR 기반 Apache Tomcat Native 라이브러리 [1.3.0]을(를) 로드했습니다.
13-May-2024 11:02:56.171 INFO [main] org.apache.catalina.core.AprLifecycleListener.lifecycleEvent APR 용량정보들: IPv6 [true], sendfile [true], accept filters [false], random [true], UDS [true].
13-May-2024 11:02:56.171 INFO [main] org.apache.catalina.core.AprLifecycleListener.lifecycleEvent APR/OpenSSL 설정: useAprConnector [false], useOpenSSL [true]
13-May-2024 11:02:56.177 INFO [main] org.apache.catalina.core.AprLifecycleListener.initializeSSL OpenSSL이 성공적으로 초기화되었습니다: [OpenSSL 3.0.13 30 Jan 2024]
13-May-2024 11:02:56.482 INFO [main] org.apache.coyote.AbstractProtocol.init 프로토콜 핸들러 ["http-nio-8080"]을(를) 초기화합니다.
13-May-2024 11:02:56.496 SEVERE [main] org.apache.catalina.util.LifecycleBase.handleSubClassException 구성요소 [Connector["http-nio-8080"]]을(를) 초기화하지 못했습니다.
	org.apache.catalina.LifecycleException: 프로토콜 핸들러 초기화가 실패했습니다.
		at org.apache.catalina.connector.Connector.initInternal(Connector.java:1012)
		at org.apache.catalina.util.LifecycleBase.init(LifecycleBase.java:127)
		at org.apache.catalina.core.StandardService.initInternal(StandardService.java:525)
		at org.apache.catalina.util.LifecycleBase.init(LifecycleBase.java:127)
		at org.apache.catalina.core.StandardServer.initInternal(StandardServer.java:990)
		at org.apache.catalina.util.LifecycleBase.init(LifecycleBase.java:127)
		at org.apache.catalina.startup.Catalina.load(Catalina.java:686)
		at org.apache.catalina.startup.Catalina.load(Catalina.java:709)
		at java.base/jdk.internal.reflect.NativeMethodAccessorImpl.invoke0(Native Method)
		at java.base/jdk.internal.reflect.NativeMethodAccessorImpl.invoke(NativeMethodAccessorImpl.java:62)
		at java.base/jdk.internal.reflect.DelegatingMethodAccessorImpl.invoke(DelegatingMethodAccessorImpl.java:43)
		at java.base/java.lang.reflect.Method.invoke(Method.java:566)
		at org.apache.catalina.startup.Bootstrap.load(Bootstrap.java:302)
		at org.apache.catalina.startup.Bootstrap.main(Bootstrap.java:472)
	Caused by: java.net.BindException: Address already in use: bind
		at java.base/sun.nio.ch.Net.bind0(Native Method)
		at java.base/sun.nio.ch.Net.bind(Net.java:459)
		at java.base/sun.nio.ch.Net.bind(Net.java:448)
		at java.base/sun.nio.ch.ServerSocketChannelImpl.bind(ServerSocketChannelImpl.java:227)
		at org.apache.tomcat.util.net.NioEndpoint.initServerSocket(NioEndpoint.java:268)
		at org.apache.tomcat.util.net.NioEndpoint.bind(NioEndpoint.java:223)
		at org.apache.tomcat.util.net.AbstractEndpoint.bindWithCleanup(AbstractEndpoint.java:1355)
		at org.apache.tomcat.util.net.AbstractEndpoint.init(AbstractEndpoint.java:1368)
		at org.apache.coyote.AbstractProtocol.init(AbstractProtocol.java:654)
		at org.apache.coyote.http11.AbstractHttp11Protocol.init(AbstractHttp11Protocol.java:75)
		at org.apache.catalina.connector.Connector.initInternal(Connector.java:1010)
		... 13 more
13-May-2024 11:02:56.497 INFO [main] org.apache.catalina.startup.Catalina.load [770] 밀리초 내에 서버가 초기화되었습니다.
13-May-2024 11:02:56.564 INFO [main] org.apache.catalina.core.StandardService.startInternal 서비스 [Catalina]을(를) 시작합니다.
13-May-2024 11:02:56.564 INFO [main] org.apache.catalina.core.StandardEngine.startInternal 서버 엔진을 시작합니다: [Apache Tomcat/9.0.89]
13-May-2024 11:02:56.581 INFO [main] org.apache.catalina.startup.HostConfig.deployDescriptor 배치 descriptor [C:\Users\dw-016\Desktop\intellij-master\intellij-master\conf\Catalina\localhost\ROOT.xml]을(를) 배치합니다.
13-May-2024 11:02:57.210 INFO [main] org.apache.catalina.startup.HostConfig.deployDescriptor 배치 descriptor [C:\Users\dw-016\Desktop\intellij-master\intellij-master\conf\Catalina\localhost\ROOT.xml]의 배치가 [627] 밀리초 내에 완료되었습니다.
13-May-2024 11:02:57.215 INFO [main] org.apache.catalina.startup.Catalina.start 서버가 [717] 밀리초 내에 시작되었습니다.
13-May-2024 11:08:02.556 INFO [Thread-1] org.apache.coyote.AbstractProtocol.pause 프로토콜 핸들러 ["http-nio-8080"]을(를) 일시 정지 중
13-May-2024 11:08:02.557 INFO [Thread-1] org.apache.catalina.core.StandardService.stopInternal 서비스 [Catalina]을(를) 중지시킵니다.
13-May-2024 11:08:02.571 INFO [Thread-1] org.apache.coyote.AbstractProtocol.stop 프로토콜 핸들러 ["http-nio-8080"]을(를) 중지시킵니다.
13-May-2024 11:08:02.571 INFO [Thread-1] org.apache.coyote.AbstractProtocol.destroy 프로토콜 핸들러 ["http-nio-8080"]을(를) 소멸시킵니다.
